INFO 2025-09-01 22:57:40,199 autoreload 73978 140704364233472 Watching for file changes with StatReloader
INFO 2025-09-01 22:57:48,517 basehttp 73978 123145600884736 "GET /?ide_webview_request_time=1756774223489 HTTP/1.1" 200 20458
INFO 2025-09-01 22:57:48,648 basehttp 73978 123145600884736 "GET /static/js/main.js HTTP/1.1" 200 19559
INFO 2025-09-01 22:57:48,650 basehttp 73978 123145617674240 "GET /static/css/style.css HTTP/1.1" 200 9799
WARNING 2025-09-01 22:57:49,058 log 73978 123145600884736 Not Found: /@vite/client
WARNING 2025-09-01 22:57:49,059 basehttp 73978 123145600884736 "GET /@vite/client HTTP/1.1" 404 4667
INFO 2025-09-01 23:02:49,677 basehttp 73978 123145600884736 "GET /?ide_webview_request_time=1756774223489 HTTP/1.1" 200 20458
WARNING 2025-09-01 23:02:49,789 log 73978 123145600884736 Not Found: /@vite/client
WARNING 2025-09-01 23:02:49,789 basehttp 73978 123145600884736 "GET /@vite/client HTTP/1.1" 404 4667
INFO 2025-09-01 23:07:50,856 basehttp 73978 123145617674240 "GET /?ide_webview_request_time=1756774223489 HTTP/1.1" 200 20458
WARNING 2025-09-01 23:07:51,638 log 73978 123145617674240 Not Found: /@vite/client
WARNING 2025-09-01 23:07:51,641 basehttp 73978 123145617674240 "GET /@vite/client HTTP/1.1" 404 4667
INFO 2025-09-01 23:12:51,734 basehttp 73978 123145600884736 "GET /?ide_webview_request_time=1756774223489 HTTP/1.1" 200 20458
WARNING 2025-09-01 23:12:51,954 log 73978 123145600884736 Not Found: /@vite/client
WARNING 2025-09-01 23:12:51,955 basehttp 73978 123145600884736 "GET /@vite/client HTTP/1.1" 404 4667
INFO 2025-09-01 23:17:52,728 basehttp 73978 123145600884736 "GET /?ide_webview_request_time=1756774223489 HTTP/1.1" 200 20458
WARNING 2025-09-01 23:17:52,891 log 73978 123145600884736 Not Found: /@vite/client
WARNING 2025-09-01 23:17:52,892 basehttp 73978 123145600884736 "GET /@vite/client HTTP/1.1" 404 4667
INFO 2025-09-01 23:22:53,697 basehttp 73978 123145600884736 "GET /?ide_webview_request_time=1756774223489 HTTP/1.1" 200 20458
INFO 2025-09-01 23:22:53,711 basehttp 73978 123145600884736 "GET /static/css/style.css HTTP/1.1" 304 0
INFO 2025-09-01 23:22:53,712 basehttp 73978 123145617674240 "GET /static/js/main.js HTTP/1.1" 304 0
WARNING 2025-09-01 23:22:53,751 log 73978 123145617674240 Not Found: /@vite/client
WARNING 2025-09-01 23:22:53,751 basehttp 73978 123145617674240 "GET /@vite/client HTTP/1.1" 404 4667
INFO 2025-09-01 23:27:54,693 basehttp 73978 123145600884736 "GET /?ide_webview_request_time=1756774223489 HTTP/1.1" 200 20458
WARNING 2025-09-01 23:27:54,742 log 73978 123145600884736 Not Found: /@vite/client
WARNING 2025-09-01 23:27:54,742 basehttp 73978 123145600884736 "GET /@vite/client HTTP/1.1" 404 4667
INFO 2025-09-01 23:32:55,693 basehttp 73978 123145600884736 "GET /?ide_webview_request_time=1756774223489 HTTP/1.1" 200 20458
WARNING 2025-09-01 23:32:55,755 log 73978 123145600884736 Not Found: /@vite/client
WARNING 2025-09-01 23:32:55,756 basehttp 73978 123145600884736 "GET /@vite/client HTTP/1.1" 404 4667
